<?xml version="1.0" encoding="UTF-8"?>
<testsuites name="regist-login" time="101.373" tests="4" failures="0" errors="0">
   <testsuite name="regist-login" tests="4" failures="0" errors="0" time="101.373" skipped="0" timestamp="23-09-2024T23:17:41" hostname="nabilahalizza - nabilahs-mbp.lan" id="Test Suites/regist-login">
      <properties>
         <property name="deviceName" value=""/>
         <property name="devicePlatform"/>
         <property name="logFolder" value="/Users/nabilahalizza/git/katalon-finalweb-nabilahalmiraizzati/Reports/20240923_231736/regist-login/20240923_231736"/>
         <property name="logFiles" value="/Users/nabilahalizza/git/katalon-finalweb-nabilahalmiraizzati/Reports/20240923_231736/regist-login/20240923_231736/execution0.log"/>
         <property name="attachments" value=""/>
         <property name="hostName" value="nabilahalizza - nabilahs-mbp.lan"/>
         <property name="os" value="Mac OS X 64bit"/>
         <property name="katalonVersion" value="9.6.0.217"/>
         <property name="browser" value="Chrome 128.0.0.0"/>
         <property name="hostAddress" value="192.168.8.179"/>
         <property name="sessionId" value="b3d4f7fec576ce77812ac444d3e277a3"/>
         <property name="seleniumVersion" value="3.141.59"/>
         <property name="proxyInformation" value="ProxyInformation { proxyOption=NO_PROXY, proxyServerType=HTTP, username=, password=********, proxyServerAddress=, proxyServerPort=0, executionList=&quot;&quot;, isApplyToDesiredCapabilities=true }"/>
         <property name="platform" value="Mac OS X"/>
      </properties>
      <testcase name="Test Cases/registration-acc" time="32.638" classname="Test Cases/registration-acc" status="PASSED">
         <system-out><![CDATA[23-09-2024T23:17:41 - [TEST_CASE][PASSED] - Test Cases/registration-acc: Test Cases/registration-acc

23-09-2024T23:17:41 - [TEST_STEP][PASSED] - openBrowser(""): Browser is opened with url: ''

23-09-2024T23:17:41 - [MESSAGE][INFO] - Starting 'Chrome' driver

23-09-2024T23:17:41 - [MESSAGE][INFO] - Action delay is set to 0 milliseconds

23-09-2024T23:17:45 - [MESSAGE][PASSED] - Browser is opened with url: ''

23-09-2024T23:17:45 - [TEST_STEP][PASSED] - maximizeWindow(): Current window maximized

23-09-2024T23:17:46 - [MESSAGE][PASSED] - Current window maximized

23-09-2024T23:17:46 - [TEST_STEP][PASSED] - navigateToUrl(mainURL): Navigate to 'https://advantageonlineshopping.com/' successfully

23-09-2024T23:17:48 - [MESSAGE][PASSED] - Navigate to 'https://advantageonlineshopping.com/' successfully

23-09-2024T23:17:48 - [TEST_STEP][PASSED] - delay(2): Delayed 2 second(s)

23-09-2024T23:17:50 - [MESSAGE][PASSED] - Delayed 2 second(s)

23-09-2024T23:17:50 - [TEST_STEP][PASSED] - verifyElementPresent(findTestObject("user-menu"), 0): Object 'Object Repository/user-menu' is present

23-09-2024T23:17:50 - [MESSAGE][WARNING] - Timeout '0' is invalid. Using default page load timeout: '30'

23-09-2024T23:17:51 - [MESSAGE][PASSED] - Object 'Object Repository/user-menu' is present

23-09-2024T23:17:51 - [TEST_STEP][PASSED] - click(findTestObject("user-menu")): Object: 'Object Repository/user-menu' is clicked on

23-09-2024T23:17:54 - [MESSAGE][PASSED] - Object: 'Object Repository/user-menu' is clicked on

23-09-2024T23:17:54 - [TEST_STEP][PASSED] - delay(2): Delayed 2 second(s)

23-09-2024T23:17:56 - [MESSAGE][PASSED] - Delayed 2 second(s)

23-09-2024T23:17:56 - [TEST_STEP][PASSED] - verifyElementPresent(findTestObject("createnewacc-btn"), 0): Object 'Object Repository/createnewacc-btn' is present

23-09-2024T23:17:56 - [MESSAGE][WARNING] - Timeout '0' is invalid. Using default page load timeout: '30'

23-09-2024T23:17:57 - [MESSAGE][PASSED] - Object 'Object Repository/createnewacc-btn' is present

23-09-2024T23:17:57 - [TEST_STEP][PASSED] - click(findTestObject("createnewacc-btn")): Object: 'Object Repository/createnewacc-btn' is clicked on

23-09-2024T23:17:57 - [MESSAGE][PASSED] - Object: 'Object Repository/createnewacc-btn' is clicked on

23-09-2024T23:17:57 - [TEST_STEP][PASSED] - delay(2): Delayed 2 second(s)

23-09-2024T23:17:59 - [MESSAGE][PASSED] - Delayed 2 second(s)

23-09-2024T23:17:59 - [TEST_STEP][PASSED] - verifyElementPresent(findTestObject("createuname-field"), 0): Object 'Object Repository/createuname-field' is present

23-09-2024T23:17:59 - [MESSAGE][WARNING] - Timeout '0' is invalid. Using default page load timeout: '30'

23-09-2024T23:17:59 - [MESSAGE][PASSED] - Object 'Object Repository/createuname-field' is present

23-09-2024T23:17:59 - [TEST_STEP][PASSED] - setText(findTestObject("createuname-field"), "Nabilah"): Text 'Nabilah' is set on object 'Object Repository/createuname-field'

23-09-2024T23:18:00 - [MESSAGE][PASSED] - Text 'Nabilah' is set on object 'Object Repository/createuname-field'

23-09-2024T23:18:00 - [TEST_STEP][PASSED] - setText(findTestObject("createmail-field"), "nabilah@gmail.com"): Text 'nabilah@gmail.com' is set on object 'Object Repository/createmail-field'

23-09-2024T23:18:01 - [MESSAGE][PASSED] - Text 'nabilah@gmail.com' is set on object 'Object Repository/createmail-field'

23-09-2024T23:18:01 - [TEST_STEP][PASSED] - setText(findTestObject("createpass-field"), "Pass123"): Text 'Pass123' is set on object 'Object Repository/createpass-field'

23-09-2024T23:18:02 - [MESSAGE][PASSED] - Text 'Pass123' is set on object 'Object Repository/createpass-field'

23-09-2024T23:18:02 - [TEST_STEP][PASSED] - setText(findTestObject("confirmpass-field"), "Pass123"): Text 'Pass123' is set on object 'Object Repository/confirmpass-field'

23-09-2024T23:18:03 - [MESSAGE][PASSED] - Text 'Pass123' is set on object 'Object Repository/confirmpass-field'

23-09-2024T23:18:03 - [TEST_STEP][PASSED] - verifyElementPresent(findTestObject("iagree-cbx"), 0): Object 'Object Repository/iagree-cbx' is present

23-09-2024T23:18:03 - [MESSAGE][WARNING] - Timeout '0' is invalid. Using default page load timeout: '30'

23-09-2024T23:18:03 - [MESSAGE][PASSED] - Object 'Object Repository/iagree-cbx' is present

23-09-2024T23:18:03 - [TEST_STEP][PASSED] - if (verifyElementNotChecked(findTestObject("iagree-cbx"), 0)): null

23-09-2024T23:18:03 - [MESSAGE][WARNING] - Timeout '0' is invalid. Using default page load timeout: '30'

23-09-2024T23:18:03 - [MESSAGE][PASSED] - Object 'Object Repository/iagree-cbx' is not checked

23-09-2024T23:18:04 - [TEST_STEP][PASSED] - check(findTestObject("iagree-cbx")): Object 'Object Repository/iagree-cbx' is checked

23-09-2024T23:18:04 - [MESSAGE][PASSED] - Object 'Object Repository/iagree-cbx' is checked

23-09-2024T23:18:04 - [TEST_STEP][PASSED] - println("Checkbox was unchecked, now checked."): null

23-09-2024T23:18:04 - [TEST_STEP][PASSED] - delay(3): Delayed 3 second(s)

23-09-2024T23:18:07 - [MESSAGE][PASSED] - Delayed 3 second(s)

23-09-2024T23:18:07 - [TEST_STEP][PASSED] - click(findTestObject("regist-btn")): Object: 'Object Repository/regist-btn' is clicked on

23-09-2024T23:18:07 - [MESSAGE][PASSED] - Object: 'Object Repository/regist-btn' is clicked on

23-09-2024T23:18:07 - [TEST_STEP][PASSED] - delay(5): Delayed 5 second(s)

23-09-2024T23:18:12 - [MESSAGE][PASSED] - Delayed 5 second(s)

23-09-2024T23:18:12 - [TEST_STEP][PASSED] - verifyElementPresent(findTestObject("username-txt"), 0): Object 'Object Repository/username-txt' is present

23-09-2024T23:18:12 - [MESSAGE][WARNING] - Timeout '0' is invalid. Using default page load timeout: '30'

23-09-2024T23:18:13 - [MESSAGE][PASSED] - Object 'Object Repository/username-txt' is present

23-09-2024T23:18:13 - [TEST_STEP][PASSED] - click(findTestObject("user-menu")): Object: 'Object Repository/user-menu' is clicked on

23-09-2024T23:18:13 - [MESSAGE][PASSED] - Object: 'Object Repository/user-menu' is clicked on

23-09-2024T23:18:13 - [TEST_STEP][PASSED] - click(findTestObject("logout-btn")): Object: 'Object Repository/logout-btn' is clicked on

23-09-2024T23:18:13 - [MESSAGE][PASSED] - Object: 'Object Repository/logout-btn' is clicked on]]></system-out>
         <system-err><![CDATA[]]></system-err>
      </testcase>
      <testcase name="Test Cases/login-acc" time="23.577" classname="Test Cases/login-acc" status="PASSED">
         <system-out><![CDATA[23-09-2024T23:18:13 - [TEST_CASE][PASSED] - Test Cases/login-acc: Test Cases/login-acc

23-09-2024T23:18:14 - [TEST_STEP][PASSED] - openBrowser(""): Browser is opened with url: ''

23-09-2024T23:18:14 - [MESSAGE][WARNING] - A browser is already opened. Closing browser and opening a new one

23-09-2024T23:18:14 - [MESSAGE][INFO] - Starting 'Chrome' driver

23-09-2024T23:18:14 - [MESSAGE][INFO] - Action delay is set to 0 milliseconds

23-09-2024T23:18:16 - [MESSAGE][PASSED] - Browser is opened with url: ''

23-09-2024T23:18:16 - [TEST_STEP][PASSED] - maximizeWindow(): Current window maximized

23-09-2024T23:18:16 - [MESSAGE][PASSED] - Current window maximized

23-09-2024T23:18:16 - [TEST_STEP][PASSED] - navigateToUrl(mainURL): Navigate to 'https://advantageonlineshopping.com/' successfully

23-09-2024T23:18:19 - [MESSAGE][PASSED] - Navigate to 'https://advantageonlineshopping.com/' successfully

23-09-2024T23:18:19 - [TEST_STEP][PASSED] - delay(2): Delayed 2 second(s)

23-09-2024T23:18:21 - [MESSAGE][PASSED] - Delayed 2 second(s)

23-09-2024T23:18:21 - [TEST_STEP][PASSED] - verifyElementPresent(findTestObject("user-menu"), 0): Object 'Object Repository/user-menu' is present

23-09-2024T23:18:21 - [MESSAGE][WARNING] - Timeout '0' is invalid. Using default page load timeout: '30'

23-09-2024T23:18:22 - [MESSAGE][PASSED] - Object 'Object Repository/user-menu' is present

23-09-2024T23:18:22 - [TEST_STEP][PASSED] - click(findTestObject("user-menu")): Object: 'Object Repository/user-menu' is clicked on

23-09-2024T23:18:25 - [MESSAGE][PASSED] - Object: 'Object Repository/user-menu' is clicked on

23-09-2024T23:18:25 - [TEST_STEP][PASSED] - delay(2): Delayed 2 second(s)

23-09-2024T23:18:27 - [MESSAGE][PASSED] - Delayed 2 second(s)

23-09-2024T23:18:27 - [TEST_STEP][PASSED] - verifyElementPresent(findTestObject("username-field"), 0): Object 'Object Repository/username-field' is present

23-09-2024T23:18:27 - [MESSAGE][WARNING] - Timeout '0' is invalid. Using default page load timeout: '30'

23-09-2024T23:18:27 - [MESSAGE][PASSED] - Object 'Object Repository/username-field' is present

23-09-2024T23:18:27 - [TEST_STEP][PASSED] - setText(findTestObject("username-field"), Username): Text 'Nabilah' is set on object 'Object Repository/username-field'

23-09-2024T23:18:28 - [MESSAGE][PASSED] - Text 'Nabilah' is set on object 'Object Repository/username-field'

23-09-2024T23:18:28 - [TEST_STEP][PASSED] - setText(findTestObject("password-field"), Password): Text 'Pass123' is set on object 'Object Repository/password-field'

23-09-2024T23:18:29 - [MESSAGE][PASSED] - Text 'Pass123' is set on object 'Object Repository/password-field'

23-09-2024T23:18:29 - [TEST_STEP][PASSED] - click(findTestObject("signin-btn")): Object: 'Object Repository/signin-btn' is clicked on

23-09-2024T23:18:29 - [MESSAGE][PASSED] - Object: 'Object Repository/signin-btn' is clicked on

23-09-2024T23:18:29 - [TEST_STEP][PASSED] - delay(5): Delayed 5 second(s)

23-09-2024T23:18:34 - [MESSAGE][PASSED] - Delayed 5 second(s)

23-09-2024T23:18:34 - [TEST_STEP][PASSED] - if (Username == "Nabilah"): Delayed 2 second(s)

23-09-2024T23:18:34 - [TEST_STEP][PASSED] - verifyElementPresent(findTestObject("username-txt"), 0): Object 'Object Repository/username-txt' is present

23-09-2024T23:18:34 - [MESSAGE][WARNING] - Timeout '0' is invalid. Using default page load timeout: '30'

23-09-2024T23:18:35 - [MESSAGE][PASSED] - Object 'Object Repository/username-txt' is present

23-09-2024T23:18:35 - [TEST_STEP][PASSED] - delay(2): Delayed 2 second(s)

23-09-2024T23:18:37 - [MESSAGE][PASSED] - Delayed 2 second(s)

23-09-2024T23:18:37 - [TEST_STEP][PASSED] - closeBrowser(): Browser is closed

23-09-2024T23:18:37 - [MESSAGE][PASSED] - Browser is closed]]></system-out>
         <system-err><![CDATA[]]></system-err>
      </testcase>
      <testcase name="Test Cases/login-acc" time="21.75" classname="Test Cases/login-acc" status="PASSED">
         <system-out><![CDATA[23-09-2024T23:18:37 - [TEST_CASE][PASSED] - Test Cases/login-acc: Test Cases/login-acc

23-09-2024T23:18:37 - [TEST_STEP][PASSED] - openBrowser(""): Browser is opened with url: ''

23-09-2024T23:18:37 - [MESSAGE][INFO] - Starting 'Chrome' driver

23-09-2024T23:18:37 - [MESSAGE][INFO] - Action delay is set to 0 milliseconds

23-09-2024T23:18:39 - [MESSAGE][PASSED] - Browser is opened with url: ''

23-09-2024T23:18:39 - [TEST_STEP][PASSED] - maximizeWindow(): Current window maximized

23-09-2024T23:18:39 - [MESSAGE][PASSED] - Current window maximized

23-09-2024T23:18:39 - [TEST_STEP][PASSED] - navigateToUrl(mainURL): Navigate to 'https://advantageonlineshopping.com/' successfully

23-09-2024T23:18:40 - [MESSAGE][PASSED] - Navigate to 'https://advantageonlineshopping.com/' successfully

23-09-2024T23:18:40 - [TEST_STEP][PASSED] - delay(2): Delayed 2 second(s)

23-09-2024T23:18:42 - [MESSAGE][PASSED] - Delayed 2 second(s)

23-09-2024T23:18:42 - [TEST_STEP][PASSED] - verifyElementPresent(findTestObject("user-menu"), 0): Object 'Object Repository/user-menu' is present

23-09-2024T23:18:42 - [MESSAGE][WARNING] - Timeout '0' is invalid. Using default page load timeout: '30'

23-09-2024T23:18:44 - [MESSAGE][PASSED] - Object 'Object Repository/user-menu' is present

23-09-2024T23:18:44 - [TEST_STEP][PASSED] - click(findTestObject("user-menu")): Object: 'Object Repository/user-menu' is clicked on

23-09-2024T23:18:47 - [MESSAGE][PASSED] - Object: 'Object Repository/user-menu' is clicked on

23-09-2024T23:18:47 - [TEST_STEP][PASSED] - delay(2): Delayed 2 second(s)

23-09-2024T23:18:49 - [MESSAGE][PASSED] - Delayed 2 second(s)

23-09-2024T23:18:49 - [TEST_STEP][PASSED] - verifyElementPresent(findTestObject("username-field"), 0): Object 'Object Repository/username-field' is present

23-09-2024T23:18:49 - [MESSAGE][WARNING] - Timeout '0' is invalid. Using default page load timeout: '30'

23-09-2024T23:18:49 - [MESSAGE][PASSED] - Object 'Object Repository/username-field' is present

23-09-2024T23:18:49 - [TEST_STEP][PASSED] - setText(findTestObject("username-field"), Username): Text 'Almira' is set on object 'Object Repository/username-field'

23-09-2024T23:18:50 - [MESSAGE][PASSED] - Text 'Almira' is set on object 'Object Repository/username-field'

23-09-2024T23:18:50 - [TEST_STEP][PASSED] - setText(findTestObject("password-field"), Password): Text 'Bcde123' is set on object 'Object Repository/password-field'

23-09-2024T23:18:51 - [MESSAGE][PASSED] - Text 'Bcde123' is set on object 'Object Repository/password-field'

23-09-2024T23:18:51 - [TEST_STEP][PASSED] - click(findTestObject("signin-btn")): Object: 'Object Repository/signin-btn' is clicked on

23-09-2024T23:18:51 - [MESSAGE][PASSED] - Object: 'Object Repository/signin-btn' is clicked on

23-09-2024T23:18:51 - [TEST_STEP][PASSED] - delay(5): Delayed 5 second(s)

23-09-2024T23:18:56 - [MESSAGE][PASSED] - Delayed 5 second(s)

23-09-2024T23:18:56 - [TEST_STEP][PASSED] - if (Username == "Nabilah"): null

23-09-2024T23:18:56 - [TEST_STEP][PASSED] - else: Delayed 2 second(s)

23-09-2024T23:18:56 - [TEST_STEP][PASSED] - verifyElementPresent(findTestObject("errorlogin-txt"), 0): Object 'Object Repository/errorlogin-txt' is present

23-09-2024T23:18:56 - [MESSAGE][WARNING] - Timeout '0' is invalid. Using default page load timeout: '30'

23-09-2024T23:18:56 - [MESSAGE][PASSED] - Object 'Object Repository/errorlogin-txt' is present

23-09-2024T23:18:56 - [TEST_STEP][PASSED] - delay(2): Delayed 2 second(s)

23-09-2024T23:18:58 - [MESSAGE][PASSED] - Delayed 2 second(s)

23-09-2024T23:18:58 - [TEST_STEP][PASSED] - closeBrowser(): Browser is closed

23-09-2024T23:18:59 - [MESSAGE][PASSED] - Browser is closed]]></system-out>
         <system-err><![CDATA[]]></system-err>
      </testcase>
      <testcase name="Test Cases/login-acc" time="23.095" classname="Test Cases/login-acc" status="PASSED">
         <system-out><![CDATA[23-09-2024T23:18:59 - [TEST_CASE][PASSED] - Test Cases/login-acc: Test Cases/login-acc

23-09-2024T23:18:59 - [TEST_STEP][PASSED] - openBrowser(""): Browser is opened with url: ''

23-09-2024T23:18:59 - [MESSAGE][INFO] - Starting 'Chrome' driver

23-09-2024T23:18:59 - [MESSAGE][INFO] - Action delay is set to 0 milliseconds

23-09-2024T23:19:01 - [MESSAGE][PASSED] - Browser is opened with url: ''

23-09-2024T23:19:01 - [TEST_STEP][PASSED] - maximizeWindow(): Current window maximized

23-09-2024T23:19:01 - [MESSAGE][PASSED] - Current window maximized

23-09-2024T23:19:01 - [TEST_STEP][PASSED] - navigateToUrl(mainURL): Navigate to 'https://advantageonlineshopping.com/' successfully

23-09-2024T23:19:04 - [MESSAGE][PASSED] - Navigate to 'https://advantageonlineshopping.com/' successfully

23-09-2024T23:19:04 - [TEST_STEP][PASSED] - delay(2): Delayed 2 second(s)

23-09-2024T23:19:06 - [MESSAGE][PASSED] - Delayed 2 second(s)

23-09-2024T23:19:06 - [TEST_STEP][PASSED] - verifyElementPresent(findTestObject("user-menu"), 0): Object 'Object Repository/user-menu' is present

23-09-2024T23:19:06 - [MESSAGE][WARNING] - Timeout '0' is invalid. Using default page load timeout: '30'

23-09-2024T23:19:07 - [MESSAGE][PASSED] - Object 'Object Repository/user-menu' is present

23-09-2024T23:19:07 - [TEST_STEP][PASSED] - click(findTestObject("user-menu")): Object: 'Object Repository/user-menu' is clicked on

23-09-2024T23:19:10 - [MESSAGE][PASSED] - Object: 'Object Repository/user-menu' is clicked on

23-09-2024T23:19:10 - [TEST_STEP][PASSED] - delay(2): Delayed 2 second(s)

23-09-2024T23:19:12 - [MESSAGE][PASSED] - Delayed 2 second(s)

23-09-2024T23:19:12 - [TEST_STEP][PASSED] - verifyElementPresent(findTestObject("username-field"), 0): Object 'Object Repository/username-field' is present

23-09-2024T23:19:12 - [MESSAGE][WARNING] - Timeout '0' is invalid. Using default page load timeout: '30'

23-09-2024T23:19:12 - [MESSAGE][PASSED] - Object 'Object Repository/username-field' is present

23-09-2024T23:19:12 - [TEST_STEP][PASSED] - setText(findTestObject("username-field"), Username): Text 'Izzati' is set on object 'Object Repository/username-field'

23-09-2024T23:19:13 - [MESSAGE][PASSED] - Text 'Izzati' is set on object 'Object Repository/username-field'

23-09-2024T23:19:13 - [TEST_STEP][PASSED] - setText(findTestObject("password-field"), Password): Text 'Cdef123' is set on object 'Object Repository/password-field'

23-09-2024T23:19:14 - [MESSAGE][PASSED] - Text 'Cdef123' is set on object 'Object Repository/password-field'

23-09-2024T23:19:14 - [TEST_STEP][PASSED] - click(findTestObject("signin-btn")): Object: 'Object Repository/signin-btn' is clicked on

23-09-2024T23:19:14 - [MESSAGE][PASSED] - Object: 'Object Repository/signin-btn' is clicked on

23-09-2024T23:19:14 - [TEST_STEP][PASSED] - delay(5): Delayed 5 second(s)

23-09-2024T23:19:19 - [MESSAGE][PASSED] - Delayed 5 second(s)

23-09-2024T23:19:19 - [TEST_STEP][PASSED] - if (Username == "Nabilah"): null

23-09-2024T23:19:19 - [TEST_STEP][PASSED] - else: Delayed 2 second(s)

23-09-2024T23:19:19 - [TEST_STEP][PASSED] - verifyElementPresent(findTestObject("errorlogin-txt"), 0): Object 'Object Repository/errorlogin-txt' is present

23-09-2024T23:19:19 - [MESSAGE][WARNING] - Timeout '0' is invalid. Using default page load timeout: '30'

23-09-2024T23:19:20 - [MESSAGE][PASSED] - Object 'Object Repository/errorlogin-txt' is present

23-09-2024T23:19:20 - [TEST_STEP][PASSED] - delay(2): Delayed 2 second(s)

23-09-2024T23:19:22 - [MESSAGE][PASSED] - Delayed 2 second(s)

23-09-2024T23:19:22 - [TEST_STEP][PASSED] - closeBrowser(): Browser is closed

23-09-2024T23:19:22 - [MESSAGE][PASSED] - Browser is closed]]></system-out>
         <system-err><![CDATA[]]></system-err>
      </testcase>
      <system-out><![CDATA[23-09-2024T23:17:41 - [TEST_SUITE][PASSED] - regist-login: Test Cases/login-acc]]></system-out>
      <system-err><![CDATA[]]></system-err>
   </testsuite>
</testsuites>
